{
  "stats": {
    "suites": 2,
    "tests": 2,
    "passes": 1,
    "pending": 1,
    "failures": 0,
    "start": "2018-11-30T07:15:54.409Z",
    "end": "2018-11-30T07:15:54.419Z",
    "duration": 10,
    "testsRegistered": 2,
    "passPercent": 100,
    "pendingPercent": 50,
    "other": 0,
    "hasOther": false,
    "skipped": 0,
    "hasSkipped": false,
    "passPercentClass": "success",
    "pendingPercentClass": "danger"
  },
  "suites": {
    "title": "",
    "suites": [
      {
        "title": "加法函数的测试",
        "suites": [],
        "tests": [
          {
            "title": "0 + 2 = 2",
            "fullTitle": "加法函数的测试 0 + 2 = 2",
            "timedOut": false,
            "duration": 1,
            "state": "passed",
            "speed": "fast",
            "pass": true,
            "fail": false,
            "pending": false,
            "code": "async function () {\n\tawait expect(add(0, 2)).to.be.equal(2);",
            "err": {},
            "isRoot": false,
            "uuid": "45cccffd-102d-471a-8ba4-a8aa551c39b4",
            "parentUUID": "cd09a30a-2dea-4b30-bb72-f2d926990a9c",
            "isHook": false,
            "skipped": false
          }
        ],
        "pending": [],
        "root": false,
        "_timeout": 5000,
        "file": "\\test\\calc.test.js",
        "uuid": "cd09a30a-2dea-4b30-bb72-f2d926990a9c",
        "beforeHooks": [
          {
            "title": "\"before all\" hook",
            "fullTitle": "加法函数的测试 \"before all\" hook",
            "timedOut": false,
            "duration": 0,
            "pass": false,
            "fail": false,
            "pending": false,
            "code": "",
            "err": {},
            "isRoot": false,
            "uuid": "cd2e382f-f177-4f9e-b8a9-bf293de8b3a3",
            "parentUUID": "cd09a30a-2dea-4b30-bb72-f2d926990a9c",
            "isHook": true,
            "skipped": false
          },
          {
            "title": "\"before each\" hook",
            "fullTitle": "加法函数的测试 \"before each\" hook",
            "timedOut": false,
            "duration": 0,
            "pass": false,
            "fail": false,
            "pending": false,
            "code": "",
            "err": {},
            "isRoot": false,
            "uuid": "53624867-5bc3-4c91-b09c-4a3ae1b7e752",
            "parentUUID": "cd09a30a-2dea-4b30-bb72-f2d926990a9c",
            "isHook": true,
            "skipped": false
          }
        ],
        "afterHooks": [
          {
            "title": "\"after all\" hook",
            "fullTitle": "加法函数的测试 \"after all\" hook",
            "timedOut": false,
            "duration": 0,
            "pass": false,
            "fail": false,
            "pending": false,
            "code": "",
            "err": {},
            "isRoot": false,
            "uuid": "b0b924f3-0c2b-433f-bf2c-80096188c664",
            "parentUUID": "cd09a30a-2dea-4b30-bb72-f2d926990a9c",
            "isHook": true,
            "skipped": false
          },
          {
            "title": "\"after each\" hook",
            "fullTitle": "加法函数的测试 \"after each\" hook",
            "timedOut": false,
            "duration": 0,
            "pass": false,
            "fail": false,
            "pending": false,
            "code": "",
            "err": {},
            "isRoot": false,
            "uuid": "dc211e4c-59a9-4bae-b0cd-c01626237885",
            "parentUUID": "cd09a30a-2dea-4b30-bb72-f2d926990a9c",
            "isHook": true,
            "skipped": false
          }
        ],
        "fullFile": "E:\\myGit\\mocha-travis\\test\\calc.test.js",
        "passes": [
          {
            "title": "0 + 2 = 2",
            "fullTitle": "加法函数的测试 0 + 2 = 2",
            "timedOut": false,
            "duration": 1,
            "state": "passed",
            "speed": "fast",
            "pass": true,
            "fail": false,
            "pending": false,
            "code": "async function () {\n\tawait expect(add(0, 2)).to.be.equal(2);",
            "err": {},
            "isRoot": false,
            "uuid": "45cccffd-102d-471a-8ba4-a8aa551c39b4",
            "parentUUID": "cd09a30a-2dea-4b30-bb72-f2d926990a9c",
            "isHook": false,
            "skipped": false
          }
        ],
        "failures": [],
        "skipped": [],
        "hasBeforeHooks": true,
        "hasAfterHooks": true,
        "hasTests": true,
        "hasSuites": false,
        "totalTests": 1,
        "totalPasses": 1,
        "totalFailures": 0,
        "totalPending": 0,
        "totalSkipped": 0,
        "hasPasses": true,
        "hasFailures": false,
        "hasPending": false,
        "hasSkipped": false,
        "duration": 1,
        "rootEmpty": false
      },
      {
        "title": "异步测试",
        "suites": [],
        "tests": [
          {
            "title": "测试应该在 4000ms 后结束",
            "fullTitle": "异步测试 测试应该在 4000ms 后结束",
            "timedOut": false,
            "duration": 0,
            "pass": false,
            "fail": false,
            "pending": true,
            "code": "",
            "err": {},
            "isRoot": false,
            "uuid": "61afdb57-6157-43dc-9aea-a1afe97c9cb5",
            "parentUUID": "734a9eea-9ba0-46cb-93c3-b7788cf2bfeb",
            "isHook": false,
            "skipped": false
          }
        ],
        "pending": [
          {
            "title": "测试应该在 4000ms 后结束",
            "fullTitle": "异步测试 测试应该在 4000ms 后结束",
            "timedOut": false,
            "duration": 0,
            "pass": false,
            "fail": false,
            "pending": true,
            "code": "",
            "err": {},
            "isRoot": false,
            "uuid": "61afdb57-6157-43dc-9aea-a1afe97c9cb5",
            "parentUUID": "734a9eea-9ba0-46cb-93c3-b7788cf2bfeb",
            "isHook": false,
            "skipped": false
          }
        ],
        "root": false,
        "_timeout": 5000,
        "file": "\\test\\timeout.test.js",
        "uuid": "734a9eea-9ba0-46cb-93c3-b7788cf2bfeb",
        "beforeHooks": [],
        "afterHooks": [],
        "fullFile": "E:\\myGit\\mocha-travis\\test\\timeout.test.js",
        "passes": [],
        "failures": [],
        "skipped": [],
        "hasBeforeHooks": false,
        "hasAfterHooks": false,
        "hasTests": true,
        "hasSuites": false,
        "totalTests": 1,
        "totalPasses": 0,
        "totalFailures": 0,
        "totalPending": 1,
        "totalSkipped": 0,
        "hasPasses": false,
        "hasFailures": false,
        "hasPending": true,
        "hasSkipped": false,
        "duration": 0,
        "rootEmpty": false
      }
    ],
    "tests": [],
    "pending": [],
    "root": true,
    "_timeout": 5000,
    "uuid": "f0748ea1-dae8-4515-9b84-123c8d8332f8",
    "beforeHooks": [],
    "afterHooks": [],
    "fullFile": "",
    "file": "",
    "passes": [],
    "failures": [],
    "skipped": [],
    "hasBeforeHooks": false,
    "hasAfterHooks": false,
    "hasTests": false,
    "hasSuites": true,
    "totalTests": 0,
    "totalPasses": 0,
    "totalFailures": 0,
    "totalPending": 0,
    "totalSkipped": 0,
    "hasPasses": false,
    "hasFailures": false,
    "hasPending": false,
    "hasSkipped": false,
    "duration": 0,
    "rootEmpty": true
  },
  "allTests": [
    {
      "title": "0 + 2 = 2",
      "fullTitle": "加法函数的测试 0 + 2 = 2",
      "timedOut": false,
      "duration": 1,
      "state": "passed",
      "speed": "fast",
      "pass": true,
      "fail": false,
      "pending": false,
      "code": "async function () {\n\tawait expect(add(0, 2)).to.be.equal(2);",
      "err": {},
      "isRoot": false,
      "uuid": "45cccffd-102d-471a-8ba4-a8aa551c39b4",
      "parentUUID": "cd09a30a-2dea-4b30-bb72-f2d926990a9c",
      "isHook": false,
      "skipped": false
    },
    {
      "title": "测试应该在 4000ms 后结束",
      "fullTitle": "异步测试 测试应该在 4000ms 后结束",
      "timedOut": false,
      "duration": 0,
      "pass": false,
      "fail": false,
      "pending": true,
      "code": "",
      "err": {},
      "isRoot": false,
      "uuid": "61afdb57-6157-43dc-9aea-a1afe97c9cb5",
      "parentUUID": "734a9eea-9ba0-46cb-93c3-b7788cf2bfeb",
      "isHook": false,
      "skipped": false
    }
  ],
  "allPending": [
    {
      "title": "测试应该在 4000ms 后结束",
      "fullTitle": "异步测试 测试应该在 4000ms 后结束",
      "timedOut": false,
      "duration": 0,
      "pass": false,
      "fail": false,
      "pending": true,
      "code": "",
      "err": {},
      "isRoot": false,
      "uuid": "61afdb57-6157-43dc-9aea-a1afe97c9cb5",
      "parentUUID": "734a9eea-9ba0-46cb-93c3-b7788cf2bfeb",
      "isHook": false,
      "skipped": false
    }
  ],
  "allPasses": [
    {
      "title": "0 + 2 = 2",
      "fullTitle": "加法函数的测试 0 + 2 = 2",
      "timedOut": false,
      "duration": 1,
      "state": "passed",
      "speed": "fast",
      "pass": true,
      "fail": false,
      "pending": false,
      "code": "async function () {\n\tawait expect(add(0, 2)).to.be.equal(2);",
      "err": {},
      "isRoot": false,
      "uuid": "45cccffd-102d-471a-8ba4-a8aa551c39b4",
      "parentUUID": "cd09a30a-2dea-4b30-bb72-f2d926990a9c",
      "isHook": false,
      "skipped": false
    }
  ],
  "allFailures": [],
  "copyrightYear": 2018
}