{"E:\\myGit\\mocha-travis\\calc.js":{"path":"E:\\myGit\\mocha-travis\\calc.js","s":{"1":1,"2":1,"3":1,"4":0,"5":1,"6":0,"7":0,"8":0,"9":1,"10":0,"11":0,"12":0,"13":1,"14":0,"15":0,"16":0,"17":1,"18":1,"19":1,"20":1},"b":{"1":[1,0],"2":[1,1],"3":[0,0],"4":[0,0],"5":[0,0],"6":[0,0],"7":[0,0],"8":[0,0]},"f":{"1":1,"2":0,"3":0,"4":0},"fnMap":{"1":{"name":"add","line":8,"loc":{"start":{"line":8,"column":0},"end":{"line":8,"column":19}}},"2":{"name":"subtract","line":22,"loc":{"start":{"line":22,"column":0},"end":{"line":22,"column":24}}},"3":{"name":"multiply","line":36,"loc":{"start":{"line":36,"column":0},"end":{"line":36,"column":24}}},"4":{"name":"divide","line":50,"loc":{"start":{"line":50,"column":0},"end":{"line":50,"column":22}}}},"statementMap":{"1":{"start":{"line":8,"column":0},"end":{"line":13,"column":1}},"2":{"start":{"line":9,"column":2},"end":{"line":12,"column":15}},"3":{"start":{"line":10,"column":4},"end":{"line":10,"column":17}},"4":{"start":{"line":12,"column":4},"end":{"line":12,"column":15}},"5":{"start":{"line":22,"column":0},"end":{"line":27,"column":1}},"6":{"start":{"line":23,"column":2},"end":{"line":26,"column":15}},"7":{"start":{"line":24,"column":4},"end":{"line":24,"column":17}},"8":{"start":{"line":26,"column":4},"end":{"line":26,"column":15}},"9":{"start":{"line":36,"column":0},"end":{"line":41,"column":1}},"10":{"start":{"line":37,"column":2},"end":{"line":40,"column":15}},"11":{"start":{"line":38,"column":4},"end":{"line":38,"column":17}},"12":{"start":{"line":40,"column":4},"end":{"line":40,"column":15}},"13":{"start":{"line":50,"column":0},"end":{"line":55,"column":1}},"14":{"start":{"line":51,"column":2},"end":{"line":54,"column":15}},"15":{"start":{"line":52,"column":4},"end":{"line":52,"column":17}},"16":{"start":{"line":54,"column":4},"end":{"line":54,"column":15}},"17":{"start":{"line":57,"column":0},"end":{"line":57,"column":25}},"18":{"start":{"line":58,"column":0},"end":{"line":58,"column":35}},"19":{"start":{"line":59,"column":0},"end":{"line":59,"column":35}},"20":{"start":{"line":60,"column":0},"end":{"line":60,"column":31}}},"branchMap":{"1":{"line":9,"type":"if","locations":[{"start":{"line":9,"column":2},"end":{"line":9,"column":2}},{"start":{"line":9,"column":2},"end":{"line":9,"column":2}}]},"2":{"line":9,"type":"binary-expr","locations":[{"start":{"line":9,"column":6},"end":{"line":9,"column":29}},{"start":{"line":9,"column":35},"end":{"line":9,"column":58}}]},"3":{"line":23,"type":"if","locations":[{"start":{"line":23,"column":2},"end":{"line":23,"column":2}},{"start":{"line":23,"column":2},"end":{"line":23,"column":2}}]},"4":{"line":23,"type":"binary-expr","locations":[{"start":{"line":23,"column":6},"end":{"line":23,"column":29}},{"start":{"line":23,"column":35},"end":{"line":23,"column":58}}]},"5":{"line":37,"type":"if","locations":[{"start":{"line":37,"column":2},"end":{"line":37,"column":2}},{"start":{"line":37,"column":2},"end":{"line":37,"column":2}}]},"6":{"line":37,"type":"binary-expr","locations":[{"start":{"line":37,"column":6},"end":{"line":37,"column":29}},{"start":{"line":37,"column":35},"end":{"line":37,"column":58}}]},"7":{"line":51,"type":"if","locations":[{"start":{"line":51,"column":2},"end":{"line":51,"column":2}},{"start":{"line":51,"column":2},"end":{"line":51,"column":2}}]},"8":{"line":51,"type":"binary-expr","locations":[{"start":{"line":51,"column":6},"end":{"line":51,"column":29}},{"start":{"line":51,"column":35},"end":{"line":51,"column":58}}]}}}}