TN:
SF:E:\myGit\mocha-travis\calc.js
FN:8,add
FN:22,subtract
FN:36,multiply
FN:50,divide
FNF:4
FNH:1
FNDA:1,add
FNDA:0,subtract
FNDA:0,multiply
FNDA:0,divide
DA:8,1
DA:9,1
DA:10,1
DA:12,0
DA:22,1
DA:23,0
DA:24,0
DA:26,0
DA:36,1
DA:37,0
DA:38,0
DA:40,0
DA:50,1
DA:51,0
DA:52,0
DA:54,0
DA:57,1
DA:58,1
DA:59,1
DA:60,1
LF:20
LH:10
BRDA:9,1,0,1
BRDA:9,1,1,0
BRDA:9,2,0,1
BRDA:9,2,1,1
BRDA:23,3,0,0
BRDA:23,3,1,0
BRDA:23,4,0,0
BRDA:23,4,1,0
BRDA:37,5,0,0
BRDA:37,5,1,0
BRDA:37,6,0,0
BRDA:37,6,1,0
BRDA:51,7,0,0
BRDA:51,7,1,0
BRDA:51,8,0,0
BRDA:51,8,1,0
BRF:16
BRH:3
end_of_record
